[16:28:05.014] [INFO   ] thread main starting.
[16:28:05.019] [SEVERE ] cannot read configuration file config.properties trying from resources.
[16:28:05.021] [SEVERE ] configuration file was loaded from resources directory.
[16:28:05.039] [SEVERE ] error creating swing user interface: 
No X11 DISPLAY variable was set, but this program performed an operation which requires it.
[16:28:05.040] [SEVERE ] will try to run without user interface
[16:28:05.040] [SEVERE ] warning: running with human players with no user interface
[16:28:05.049] [INFO   ] thread dealer starting.
[16:28:05.050] [INFO   ] thread dealer starting.
[16:28:05.199] [SEVERE ] placing card 80 in slot 0
[16:28:05.299] [SEVERE ] placing card 55 in slot 1
[16:28:05.399] [SEVERE ] placing card 51 in slot 2
[16:28:05.500] [SEVERE ] placing card 45 in slot 3
[16:28:05.600] [SEVERE ] placing card 63 in slot 4
[16:28:05.701] [SEVERE ] placing card 57 in slot 5
[16:28:05.801] [SEVERE ] placing card 54 in slot 6
[16:28:05.901] [SEVERE ] placing card 11 in slot 7
[16:28:06.016] [SEVERE ] placing card 32 in slot 8
[16:28:06.117] [SEVERE ] placing card 26 in slot 9
[16:28:06.217] [SEVERE ] placing card 21 in slot 10
[16:28:06.317] [SEVERE ] placing card 22 in slot 11
