[16:09:09.988] [INFO   ] thread main starting.
[16:09:09.993] [SEVERE ] cannot read configuration file config.properties trying from resources.
[16:09:09.995] [SEVERE ] configuration file was loaded from resources directory.
[16:09:10.014] [SEVERE ] error creating swing user interface: 
No X11 DISPLAY variable was set, but this program performed an operation which requires it.
[16:09:10.014] [SEVERE ] will try to run without user interface
[16:09:10.015] [SEVERE ] warning: running with human players with no user interface
[16:09:10.024] [INFO   ] thread dealer starting.
[16:09:10.025] [INFO   ] thread dealer starting.
[16:09:10.129] [SEVERE ] placing card 48 in slot 0
[16:09:10.229] [SEVERE ] placing card 45 in slot 1
[16:09:10.329] [SEVERE ] placing card 67 in slot 2
[16:09:10.430] [SEVERE ] placing card 0 in slot 3
[16:09:10.530] [SEVERE ] placing card 5 in slot 4
[16:09:10.631] [SEVERE ] placing card 72 in slot 5
[16:09:10.731] [SEVERE ] placing card 61 in slot 6
[16:09:10.831] [SEVERE ] placing card 77 in slot 7
[16:09:10.932] [SEVERE ] placing card 70 in slot 8
[16:09:11.032] [SEVERE ] placing card 49 in slot 9
[16:09:11.133] [SEVERE ] placing card 30 in slot 10
[16:09:11.233] [SEVERE ] placing card 44 in slot 11
