[16:02:55.731] [INFO   ] thread bguspl.set.Main.main() starting.
[16:02:55.734] [SEVERE ] cannot read configuration file config.properties trying from resources.
[16:02:55.736] [SEVERE ] configuration file was loaded from resources directory.
[16:02:55.751] [SEVERE ] error creating swing user interface: 
No X11 DISPLAY variable was set, but this program performed an operation which requires it.
[16:02:55.751] [SEVERE ] will try to run without user interface
[16:02:55.752] [SEVERE ] warning: running with human players with no user interface
[16:02:55.762] [INFO   ] thread dealer starting.
[16:02:55.762] [INFO   ] thread dealer starting.
[16:02:55.866] [SEVERE ] placing card 73 in slot 0
[16:02:55.966] [SEVERE ] placing card 66 in slot 1
[16:02:56.066] [SEVERE ] placing card 74 in slot 2
[16:02:56.166] [SEVERE ] placing card 72 in slot 3
[16:02:56.267] [SEVERE ] placing card 11 in slot 4
[16:02:56.367] [SEVERE ] placing card 27 in slot 5
[16:02:56.467] [SEVERE ] placing card 13 in slot 6
[16:02:56.567] [SEVERE ] placing card 26 in slot 7
[16:02:56.668] [SEVERE ] placing card 48 in slot 8
[16:02:56.768] [SEVERE ] placing card 21 in slot 9
[16:02:56.868] [SEVERE ] placing card 54 in slot 10
[16:02:56.969] [SEVERE ] placing card 30 in slot 11
