[15:48:18.312] [INFO   ] thread main starting.
[15:48:18.318] [SEVERE ] cannot read configuration file config.properties trying from resources.
[15:48:18.320] [SEVERE ] configuration file was loaded from resources directory.
[15:48:18.339] [SEVERE ] error creating swing user interface: 
No X11 DISPLAY variable was set, but this program performed an operation which requires it.
[15:48:18.340] [SEVERE ] will try to run without user interface
[15:48:18.341] [SEVERE ] warning: running with human players with no user interface
[15:48:18.352] [INFO   ] thread dealer starting.
[15:48:18.352] [INFO   ] thread dealer starting.
[15:48:18.457] [SEVERE ] placing card 43 in slot 0
[15:48:18.558] [SEVERE ] placing card 48 in slot 1
[15:48:18.660] [SEVERE ] placing card 51 in slot 2
[15:48:18.761] [SEVERE ] placing card 66 in slot 3
[15:48:18.862] [SEVERE ] placing card 20 in slot 4
[15:48:18.963] [SEVERE ] placing card 47 in slot 5
[15:48:19.065] [SEVERE ] placing card 70 in slot 6
[15:48:19.166] [SEVERE ] placing card 31 in slot 7
[15:48:19.267] [SEVERE ] placing card 64 in slot 8
[15:48:19.367] [SEVERE ] placing card 5 in slot 9
[15:48:19.468] [SEVERE ] placing card 10 in slot 10
[15:48:19.569] [SEVERE ] placing card 52 in slot 11
