[15:59:25.674] [INFO   ] thread bguspl.set.Main.main() starting.
[15:59:25.676] [SEVERE ] cannot read configuration file config.properties trying from resources.
[15:59:25.677] [SEVERE ] configuration file was loaded from resources directory.
[15:59:25.692] [SEVERE ] error creating swing user interface: 
No X11 DISPLAY variable was set, but this program performed an operation which requires it.
[15:59:25.692] [SEVERE ] will try to run without user interface
[15:59:25.693] [SEVERE ] warning: running with human players with no user interface
[15:59:25.701] [INFO   ] thread dealer starting.
[15:59:25.701] [INFO   ] thread dealer starting.
[15:59:25.806] [SEVERE ] placing card 38 in slot 0
[15:59:25.907] [SEVERE ] placing card 15 in slot 1
[15:59:26.007] [SEVERE ] placing card 58 in slot 2
[15:59:26.108] [SEVERE ] placing card 32 in slot 3
[15:59:26.208] [SEVERE ] placing card 50 in slot 4
[15:59:26.309] [SEVERE ] placing card 19 in slot 5
[15:59:26.410] [SEVERE ] placing card 71 in slot 6
[15:59:26.511] [SEVERE ] placing card 9 in slot 7
[15:59:26.612] [SEVERE ] placing card 77 in slot 8
[15:59:26.713] [SEVERE ] placing card 49 in slot 9
[15:59:26.814] [SEVERE ] placing card 70 in slot 10
[15:59:26.915] [SEVERE ] placing card 53 in slot 11
