[16:09:38.653] [INFO   ] thread main starting.
[16:09:38.659] [SEVERE ] cannot read configuration file config.properties trying from resources.
[16:09:38.660] [SEVERE ] configuration file was loaded from resources directory.
[16:09:38.681] [SEVERE ] error creating swing user interface: 
No X11 DISPLAY variable was set, but this program performed an operation which requires it.
[16:09:38.682] [SEVERE ] will try to run without user interface
[16:09:38.682] [SEVERE ] warning: running with human players with no user interface
[16:09:38.692] [INFO   ] thread dealer starting.
[16:09:38.692] [INFO   ] thread dealer starting.
[16:09:38.797] [SEVERE ] placing card 80 in slot 0
[16:09:38.897] [SEVERE ] placing card 56 in slot 1
[16:09:38.997] [SEVERE ] placing card 35 in slot 2
[16:09:39.098] [SEVERE ] placing card 2 in slot 3
[16:09:39.198] [SEVERE ] placing card 52 in slot 4
[16:09:39.299] [SEVERE ] placing card 17 in slot 5
[16:09:39.399] [SEVERE ] placing card 12 in slot 6
[16:09:39.499] [SEVERE ] placing card 66 in slot 7
[16:09:39.600] [SEVERE ] placing card 61 in slot 8
[16:09:39.700] [SEVERE ] placing card 8 in slot 9
[16:09:39.801] [SEVERE ] placing card 69 in slot 10
[16:09:39.901] [SEVERE ] placing card 49 in slot 11
