[00:02:00.162] [INFO   ] thread bguspl.set.Main.main() starting.
[00:02:00.166] [SEVERE ] cannot read configuration file config.properties trying from resources.
[00:02:00.168] [SEVERE ] configuration file was loaded from resources directory.
[00:02:00.835] [INFO   ] thread dealer starting.
[00:02:00.836] [INFO   ] thread dealer starting.
[00:02:14.859] [SEVERE ] key 69 was pressed by player 1
[00:02:15.686] [SEVERE ] key 87 was pressed by player 1
[00:02:16.710] [SEVERE ] key 69 was pressed by player 1
[00:02:17.046] [SEVERE ] key 83 was pressed by player 1
[00:02:18.470] [SEVERE ] key 65 was pressed by player 1
[00:02:18.471] [SEVERE ] key 80 was pressed by player 2
[00:02:18.502] [SEVERE ] key 83 was pressed by player 1
[00:02:18.504] [SEVERE ] key 69 was pressed by player 1
[00:02:18.615] [SEVERE ] key 68 was pressed by player 1
[00:02:18.678] [SEVERE ] key 44 was pressed by player 2
[00:02:18.871] [SEVERE ] key 83 was pressed by player 1
[00:02:18.873] [SEVERE ] key 68 was pressed by player 1
[00:02:19.974] [SEVERE ] key 75 was pressed by player 2
[00:02:19.990] [SEVERE ] key 74 was pressed by player 2
[00:02:20.022] [SEVERE ] key 74 was pressed by player 2
[00:02:20.087] [SEVERE ] key 65 was pressed by player 1
[00:02:20.088] [SEVERE ] key 70 was pressed by player 1
[00:02:20.102] [SEVERE ] key 68 was pressed by player 1
[00:02:25.734] [SEVERE ] exit button pressed
